[03:36:23] [main/INFO]: Loading Minecraft 1.21.10 with Fabric Loader 0.17.2
[03:36:23] [main/INFO]: Fabric is preparing JARs on first launch, this may take a few seconds...
[03:36:24] [main/INFO]: Loading 4 mods:
	- fabricloader 0.17.2
	   \-- mixinextras 0.5.0
	- java 21
	- minecraft 1.21.10
[03:36:24] [main/INFO]: SpongePowered MIXIN Subsystem Version=0.8.7 Source=file:/workspaces/effective-winner/servidor_minecraft/libraries/net/fabricmc/sponge-mixin/0.16.3+mixin.0.8.7/sponge-mixin-0.16.3+mixin.0.8.7.jar Service=Knot/Fabric Env=SERVER
[03:36:29] [main/INFO]: Environment: Environment[sessionHost=https://sessionserver.mojang.com, servicesHost=https://api.minecraftservices.com, profilesHost=https://api.mojang.com, name=PROD]
[03:36:30] [main/INFO]: No existing world data, creating new world
[03:36:30] [main/INFO]: Loaded 1461 recipes
[03:36:30] [main/INFO]: Loaded 1574 advancements
[03:36:31] [Server thread/INFO]: Starting minecraft server version 1.21.10
[03:36:31] [Server thread/INFO]: Loading properties
[03:36:31] [Server thread/INFO]: Default game type: SURVIVAL
[03:36:31] [Server thread/INFO]: Generating keypair
[03:36:31] [Server thread/INFO]: Starting Minecraft server on *:25565
[03:36:31] [Server thread/INFO]: Using epoll channel type
[03:36:31] [Server thread/WARN]: **** SERVER IS RUNNING IN OFFLINE/INSECURE MODE!
[03:36:31] [Server thread/WARN]: The server will make no attempt to authenticate usernames. Beware.
[03:36:31] [Server thread/WARN]: While this makes the game possible to play without internet access, it also opens up the ability for hackers to connect with any username they choose.
[03:36:31] [Server thread/WARN]: To change this, set "online-mode" to "true" in the server.properties file.
[03:36:31] [Server thread/INFO]: Preparing level "world"
[03:36:31] [Server thread/INFO]: Selecting global world spawn...
[03:36:36] [Server thread/INFO]: Loading 0 persistent chunks...
[03:36:36] [Server thread/INFO]: Preparing spawn area: 100%
[03:36:36] [Server thread/INFO]: Time elapsed: 4735 ms
[03:36:36] [Server thread/INFO]: Done (5.020s)! For help, type "help"
[03:37:36] [Server thread/INFO]: Server empty for 60 seconds, pausing
[03:43:45] [Server thread/INFO]: Unknown or incomplete command. See below for error
[03:43:45] [Server thread/INFO]: <--[HERE]
[03:44:04] [Server thread/INFO]: /advancement (grant|revoke)
[03:44:04] [Server thread/INFO]: /attribute <target> <attribute> (get|base|modifier)
[03:44:04] [Server thread/INFO]: /execute (run|if|unless|as|at|store|positioned|rotated|facing|align|anchored|in|summon|on)
[03:44:04] [Server thread/INFO]: /bossbar (add|remove|list|set|get)
[03:44:04] [Server thread/INFO]: /clear [<targets>]
[03:44:04] [Server thread/INFO]: /clone (<begin>|from)
[03:44:04] [Server thread/INFO]: /damage <target> <amount> [<damageType>]
[03:44:04] [Server thread/INFO]: /data (merge|get|remove|modify)
[03:44:04] [Server thread/INFO]: /datapack (enable|disable|list|create)
[03:44:04] [Server thread/INFO]: /debug (start|stop|function)
[03:44:04] [Server thread/INFO]: /defaultgamemode <gamemode>
[03:44:04] [Server thread/INFO]: /dialog (show|clear)
[03:44:04] [Server thread/INFO]: /difficulty [peaceful|easy|normal|hard]
[03:44:04] [Server thread/INFO]: /effect (clear|give)
[03:44:04] [Server thread/INFO]: /me <action>
[03:44:04] [Server thread/INFO]: /enchant <targets> <enchantment> [<level>]
[03:44:04] [Server thread/INFO]: /experience (add|set|query)
[03:44:04] [Server thread/INFO]: /xp -> experience
[03:44:04] [Server thread/INFO]: /fill <from> <to> <block> [outline|hollow|destroy|strict|replace|keep]
[03:44:04] [Server thread/INFO]: /fillbiome <from> <to> <biome> [replace]
[03:44:04] [Server thread/INFO]: /forceload (add|remove|query)
[03:44:04] [Server thread/INFO]: /function <name> [<arguments>|with]
[03:44:04] [Server thread/INFO]: /gamemode <gamemode> [<target>]
[03:44:04] [Server thread/INFO]: /gamerule (allowEnteringNetherUsingPortals|allowFireTicksAwayFromPlayer|announceAdvancements|blockExplosionDropDecay|commandBlockOutput|commandBlocksEnabled|commandModificationBlockLimit|disableElytraMovementCheck|disablePlayerMovementCheck|disableRaids|doDaylightCycle|doEntityDrops|doFireTick|doImmediateRespawn|doInsomnia|doLimitedCrafting|doMobLoot|doMobSpawning|doPatrolSpawning|doTileDrops|doTraderSpawning|doVinesSpread|doWardenSpawning|doWeatherCycle|drowningDamage|enderPearlsVanishOnDeath|fallDamage|fireDamage|forgiveDeadPlayers|freezeDamage|globalSoundEvents|keepInventory|lavaSourceConversion|locatorBar|logAdminCommands|maxCommandChainLength|maxCommandForkCount|maxEntityCramming|mobExplosionDropDecay|mobGriefing|naturalRegeneration|playersNetherPortalCreativeDelay|playersNetherPortalDefaultDelay|playersSleepingPercentage|projectilesCanBreakBlocks|pvp|randomTickSpeed|reducedDebugInfo|sendCommandFeedback|showDeathMessages|snowAccumulationHeight|spawnMonsters|spawnRadius|spawnerBlocksEnabled|spectatorsGenerateChunks|tntExplodes|tntExplosionDropDecay|universalAnger|waterSourceConversion)
[03:44:04] [Server thread/INFO]: /give <targets> <item> [<count>]
[03:44:04] [Server thread/INFO]: /help [<command>]
[03:44:04] [Server thread/INFO]: /item (replace|modify)
[03:44:04] [Server thread/INFO]: /kick <targets> [<reason>]
[03:44:04] [Server thread/INFO]: /kill [<targets>]
[03:44:04] [Server thread/INFO]: /list [uuids]
[03:44:04] [Server thread/INFO]: /locate (structure|biome|poi)
[03:44:04] [Server thread/INFO]: /loot (replace|insert|give|spawn)
[03:44:04] [Server thread/INFO]: /msg <targets> <message>
[03:44:04] [Server thread/INFO]: /tell -> msg
[03:44:04] [Server thread/INFO]: /w -> msg
[03:44:04] [Server thread/INFO]: /particle <name> [<pos>]
[03:44:04] [Server thread/INFO]: /place (feature|jigsaw|structure|template)
[03:44:04] [Server thread/INFO]: /playsound <sound> [master|music|record|weather|block|hostile|neutral|player|ambient|voice|ui]
[03:44:04] [Server thread/INFO]: /random (value|roll|reset)
[03:44:04] [Server thread/INFO]: /reload
[03:44:04] [Server thread/INFO]: /recipe (give|take)
[03:44:04] [Server thread/INFO]: /fetchprofile (name|id)
[03:44:04] [Server thread/INFO]: /return (<value>|fail|run)
[03:44:04] [Server thread/INFO]: /ride <target> (mount|dismount)
[03:44:04] [Server thread/INFO]: /rotate <target> (<rotation>|facing)
[03:44:04] [Server thread/INFO]: /say <message>
[03:44:04] [Server thread/INFO]: /schedule (function|clear)
[03:44:04] [Server thread/INFO]: /scoreboard (objectives|players)
[03:44:04] [Server thread/INFO]: /seed
[03:44:04] [Server thread/INFO]: /version
[03:44:04] [Server thread/INFO]: /setblock <pos> <block> [destroy|keep|replace|strict]
[03:44:04] [Server thread/INFO]: /spawnpoint [<targets>]
[03:44:04] [Server thread/INFO]: /setworldspawn [<pos>]
[03:44:04] [Server thread/INFO]: /spectate [<target>]
[03:44:04] [Server thread/INFO]: /spreadplayers <center> <spreadDistance> <maxRange> (<respectTeams>|under)
[03:44:04] [Server thread/INFO]: /stopsound <targets> [*|master|music|record|weather|block|hostile|neutral|player|ambient|voice|ui]
[03:44:04] [Server thread/INFO]: /summon <entity> [<pos>]
[03:44:04] [Server thread/INFO]: /tag <targets> (add|remove|list)
[03:44:04] [Server thread/INFO]: /team (list|add|remove|empty|join|leave|modify)
[03:44:04] [Server thread/INFO]: /teammsg <message>
[03:44:04] [Server thread/INFO]: /tm -> teammsg
[03:44:04] [Server thread/INFO]: /teleport (<location>|<destination>|<targets>)
[03:44:04] [Server thread/INFO]: /tp -> teleport
[03:44:04] [Server thread/INFO]: /tellraw <targets> <message>
[03:44:04] [Server thread/INFO]: /test (run|runmultiple|runthese|runclosest|runthat|runfailed|verify|locate|resetclosest|resetthese|resetthat|clearthat|clearthese|clearall|stop|pos|create)
[03:44:04] [Server thread/INFO]: /tick (query|rate|step|sprint|unfreeze|freeze)
[03:44:04] [Server thread/INFO]: /time (set|add|query)
[03:44:04] [Server thread/INFO]: /title <targets> (clear|reset|title|subtitle|actionbar|times)
[03:44:04] [Server thread/INFO]: /trigger <objective> [add|set]
[03:44:04] [Server thread/INFO]: /waypoint (list|modify)
[03:44:04] [Server thread/INFO]: /weather (clear|rain|thunder)
[03:44:04] [Server thread/INFO]: /worldborder (add|set|center|damage|get|warning)
[03:44:04] [Server thread/INFO]: /jfr (start|stop)
[03:44:04] [Server thread/INFO]: /ban-ip <target> [<reason>]
[03:44:04] [Server thread/INFO]: /banlist [ips|players]
[03:44:04] [Server thread/INFO]: /ban <targets> [<reason>]
[03:44:04] [Server thread/INFO]: /deop <targets>
[03:44:04] [Server thread/INFO]: /op <targets>
[03:44:04] [Server thread/INFO]: /pardon <targets>
[03:44:04] [Server thread/INFO]: /pardon-ip <target>
[03:44:04] [Server thread/INFO]: /perf (start|stop)
[03:44:04] [Server thread/INFO]: /save-all [flush]
[03:44:04] [Server thread/INFO]: /save-off
[03:44:04] [Server thread/INFO]: /save-on
[03:44:04] [Server thread/INFO]: /setidletimeout <minutes>
[03:44:04] [Server thread/INFO]: /stop
[03:44:04] [Server thread/INFO]: /transfer <hostname> [<port>]
[03:44:04] [Server thread/INFO]: /whitelist (on|off|list|add|remove|reload)
[03:45:15] [Server thread/INFO]: Unknown or incomplete command. See below for error
[03:45:15] [Server thread/INFO]: <--[HERE]
